<?xml version="1.0" encoding="UTF-8"?>
<!-- Generated by org.testng.reporters.JUnitReportReporter -->
<testsuite skipped="0" hostname="LAPTOP-1ELAPOQP" name="com.crm.qa.testcases.AppTestCases" tests="3" failures="0" timestamp="2022-12-16T14:21:02 IST" time="12.891" errors="0">
  <testcase name="TestCaseID_1" time="5.570" classname="com.crm.qa.testcases.AppTestCases"/>
  <system-out/>
  <testcase name="TestCaseID_3" time="6.067" classname="com.crm.qa.testcases.AppTestCases"/>
  <system-out/>
  <testcase name="TestCaseID_4" time="1.254" classname="com.crm.qa.testcases.AppTestCases"/>
  <system-out/>
</testsuite> <!-- com.crm.qa.testcases.AppTestCases -->
