<?xml version="1.0" encoding="UTF-8"?>
<!-- Generated by org.testng.reporters.JUnitReportReporter -->
<testsuite skipped="0" hostname="LAPTOP-1ELAPOQP" name="com.crm.qa.testcases.AppTestCases" tests="3" failures="0" timestamp="16 Dec 2022 11:15:11 GMT" time="18.090" errors="0">
  <testcase name="TestCaseID_1" time="3.710" classname="com.crm.qa.testcases.AppTestCases"/>
  <testcase name="TestCaseID_3" time="11.575" classname="com.crm.qa.testcases.AppTestCases"/>
  <testcase name="TestCaseID_4" time="2.805" classname="com.crm.qa.testcases.AppTestCases"/>
</testsuite> <!-- com.crm.qa.testcases.AppTestCases -->
